c:\users\imgyu\documents\00_macro\02_transcat_part_api(c#)\translator_catia\cppwithcsharp\release\cppwithcsharp.pch
c:\users\imgyu\documents\00_macro\02_transcat_part_api(c#)\translator_catia\cppwithcsharp\release\vc141.pdb
c:\users\imgyu\documents\00_macro\02_transcat_part_api(c#)\translator_catia\cppwithcsharp\release\stdafx.obj
c:\users\imgyu\documents\00_macro\02_transcat_part_api(c#)\translator_catia\cppwithcsharp\release\referenceclass.obj
c:\users\imgyu\documents\00_macro\02_transcat_part_api(c#)\translator_catia\cppwithcsharp\release\cppwithcsharp.obj
c:\users\imgyu\documents\00_macro\02_transcat_part_api(c#)\translator_catia\cppwithcsharp\release\assemblyinfo.obj
c:\users\imgyu\documents\00_macro\02_transcat_part_api(c#)\translator_catia\cppwithcsharp\release\.netframework,version=v4.0.assemblyattributes.obj
c:\users\imgyu\documents\00_macro\02_transcat_part_api(c#)\translator_catia\cppwithcsharp\release\.netframework,version=v4.0.assemblyattributes.asm
c:\users\imgyu\documents\00_macro\02_transcat_part_api(c#)\translator_catia\release\cppwithcsharp.lib
c:\users\imgyu\documents\00_macro\02_transcat_part_api(c#)\translator_catia\release\cppwithcsharp.exp
c:\users\imgyu\documents\00_macro\02_transcat_part_api(c#)\translator_catia\release\cppwithcsharp.dll
c:\users\imgyu\documents\00_macro\02_transcat_part_api(c#)\translator_catia\release\cppwithcsharp.pdb
c:\users\imgyu\documents\00_macro\02_transcat_part_api(c#)\translator_catia\cppwithcsharp\release\app.res
c:\users\imgyu\documents\00_macro\02_transcat_part_api(c#)\translator_catia\cppwithcsharp\release\cppwithcsharp.vcxprojassemblyreference.cache
c:\users\imgyu\documents\00_macro\02_transcat_part_api(c#)\translator_catia\cppwithcsharp\release\transcad.tli
c:\users\imgyu\documents\00_macro\02_transcat_part_api(c#)\translator_catia\cppwithcsharp\release\transcad.tlh
c:\users\imgyu\documents\00_macro\02_transcat_part_api(c#)\translator_catia\cppwithcsharp\release\cppwithcsharp.tlog\cl.command.1.tlog
c:\users\imgyu\documents\00_macro\02_transcat_part_api(c#)\translator_catia\cppwithcsharp\release\cppwithcsharp.tlog\cl.read.1.tlog
c:\users\imgyu\documents\00_macro\02_transcat_part_api(c#)\translator_catia\cppwithcsharp\release\cppwithcsharp.tlog\cl.write.1.tlog
c:\users\imgyu\documents\00_macro\02_transcat_part_api(c#)\translator_catia\cppwithcsharp\release\cppwithcsharp.tlog\cppwithcsharp.write.1u.tlog
c:\users\imgyu\documents\00_macro\02_transcat_part_api(c#)\translator_catia\cppwithcsharp\release\cppwithcsharp.tlog\link.command.1.tlog
c:\users\imgyu\documents\00_macro\02_transcat_part_api(c#)\translator_catia\cppwithcsharp\release\cppwithcsharp.tlog\link.read.1.tlog
c:\users\imgyu\documents\00_macro\02_transcat_part_api(c#)\translator_catia\cppwithcsharp\release\cppwithcsharp.tlog\link.write.1.tlog
c:\users\imgyu\documents\00_macro\02_transcat_part_api(c#)\translator_catia\cppwithcsharp\release\cppwithcsharp.tlog\metagen.read.1.tlog
c:\users\imgyu\documents\00_macro\02_transcat_part_api(c#)\translator_catia\cppwithcsharp\release\cppwithcsharp.tlog\metagen.write.1.tlog
c:\users\imgyu\documents\00_macro\02_transcat_part_api(c#)\translator_catia\cppwithcsharp\release\cppwithcsharp.tlog\rc.command.1.tlog
c:\users\imgyu\documents\00_macro\02_transcat_part_api(c#)\translator_catia\cppwithcsharp\release\cppwithcsharp.tlog\rc.read.1.tlog
c:\users\imgyu\documents\00_macro\02_transcat_part_api(c#)\translator_catia\cppwithcsharp\release\cppwithcsharp.tlog\rc.write.1.tlog
c:\users\imgyu\documents\00_macro\02_transcat_part_api(c#)\translator_catia\cppwithcsharp\release\cppwithcsharp.tlog\kernel32.dll.bi
c:\users\imgyu\documents\00_macro\02_transcat_part_api(c#)\translator_catia\cppwithcsharp\release\cppwithcsharp.tlog\ntdll.dll.bi
c:\users\imgyu\documents\00_macro\02_transcat_part_api(c#)\translator_catia\cppwithcsharp\release\cppwithcsharp.tlog\transcad.exe.bi
c:\users\imgyu\documents\00_macro\02_transcat_part_api(c#)\translator_catia\cppwithcsharp\release\cppwithcsharp.tlog\tzres.dll.bi
